Performing C SOURCE FILE Test CMAKE_HAVE_LIBC_PTHREAD failed with the following output:
Change Dir: /home/msobral/CLionProjects/Prova3-Questao5/cmake-build-debug/CMakeFiles/CMakeTmp

Run Build Command(s):/usr/bin/make cmTC_79c13/fast && /usr/bin/make -f CMakeFiles/cmTC_79c13.dir/build.make CMakeFiles/cmTC_79c13.dir/build
make[1]: Entering directory '/home/msobral/CLionProjects/Prova3-Questao5/cmake-build-debug/CMakeFiles/CMakeTmp'
Building C object CMakeFiles/cmTC_79c13.dir/src.c.o
/usr/bin/cc   -DCMAKE_HAVE_LIBC_PTHREAD   -o CMakeFiles/cmTC_79c13.dir/src.c.o   -c /home/msobral/CLionProjects/Prova3-Questao5/cmake-build-debug/CMakeFiles/CMakeTmp/src.c
Linking C executable cmTC_79c13
/snap/clion/98/bin/cmake/linux/bin/cmake -E cmake_link_script CMakeFiles/cmTC_79c13.dir/link.txt --verbose=1
/usr/bin/cc  -DCMAKE_HAVE_LIBC_PTHREAD    -rdynamic CMakeFiles/cmTC_79c13.dir/src.c.o  -o cmTC_79c13 
CMakeFiles/cmTC_79c13.dir/src.c.o: In function `main':
src.c:(.text+0x2f): undefined reference to `pthread_create'
src.c:(.text+0x3b): undefined reference to `pthread_detach'
src.c:(.text+0x4c): undefined reference to `pthread_join'
src.c:(.text+0x60): undefined reference to `pthread_atfork'
collect2: error: ld returned 1 exit status
CMakeFiles/cmTC_79c13.dir/build.make:86: recipe for target 'cmTC_79c13' failed
make[1]: *** [cmTC_79c13] Error 1
make[1]: Leaving directory '/home/msobral/CLionProjects/Prova3-Questao5/cmake-build-debug/CMakeFiles/CMakeTmp'
Makefile:121: recipe for target 'cmTC_79c13/fast' failed
make: *** [cmTC_79c13/fast] Error 2


Source file was:
#include <pthread.h>

void* test_func(void* data)
{
  return data;
}

int main(void)
{
  pthread_t thread;
  pthread_create(&thread, NULL, test_func, NULL);
  pthread_detach(thread);
  pthread_join(thread, NULL);
  pthread_atfork(NULL, NULL, NULL);
  pthread_exit(NULL);

  return 0;
}

Determining if the function pthread_create exists in the pthreads failed with the following output:
Change Dir: /home/msobral/CLionProjects/Prova3-Questao5/cmake-build-debug/CMakeFiles/CMakeTmp

Run Build Command(s):/usr/bin/make cmTC_53f3f/fast && /usr/bin/make -f CMakeFiles/cmTC_53f3f.dir/build.make CMakeFiles/cmTC_53f3f.dir/build
make[1]: Entering directory '/home/msobral/CLionProjects/Prova3-Questao5/cmake-build-debug/CMakeFiles/CMakeTmp'
Building C object CMakeFiles/cmTC_53f3f.dir/CheckFunctionExists.c.o
/usr/bin/cc   -DCHECK_FUNCTION_EXISTS=pthread_create   -o CMakeFiles/cmTC_53f3f.dir/CheckFunctionExists.c.o   -c /snap/clion/98/bin/cmake/linux/share/cmake-3.15/Modules/CheckFunctionExists.c
Linking C executable cmTC_53f3f
/snap/clion/98/bin/cmake/linux/bin/cmake -E cmake_link_script CMakeFiles/cmTC_53f3f.dir/link.txt --verbose=1
/usr/bin/cc  -DCHECK_FUNCTION_EXISTS=pthread_create    -rdynamic CMakeFiles/cmTC_53f3f.dir/CheckFunctionExists.c.o  -o cmTC_53f3f -lpthreads 
/usr/bin/ld: cannot find -lpthreads
collect2: error: ld returned 1 exit status
CMakeFiles/cmTC_53f3f.dir/build.make:86: recipe for target 'cmTC_53f3f' failed
make[1]: *** [cmTC_53f3f] Error 1
make[1]: Leaving directory '/home/msobral/CLionProjects/Prova3-Questao5/cmake-build-debug/CMakeFiles/CMakeTmp'
Makefile:121: recipe for target 'cmTC_53f3f/fast' failed
make: *** [cmTC_53f3f/fast] Error 2



