Performing C SOURCE FILE Test CMAKE_HAVE_LIBC_PTHREAD failed with the following output:
Change Dir: /home/layzacs/Downloads/P3/Questao4/Prova3-Questao4/cmake-build-debug/CMakeFiles/CMakeTmp

Run Build Command(s):/usr/bin/make cmTC_b478e/fast && /usr/bin/make -f CMakeFiles/cmTC_b478e.dir/build.make CMakeFiles/cmTC_b478e.dir/build
make[1]: Entering directory '/home/layzacs/Downloads/P3/Questao4/Prova3-Questao4/cmake-build-debug/CMakeFiles/CMakeTmp'
Building C object CMakeFiles/cmTC_b478e.dir/src.c.o
/usr/bin/cc   -DCMAKE_HAVE_LIBC_PTHREAD   -o CMakeFiles/cmTC_b478e.dir/src.c.o   -c /home/layzacs/Downloads/P3/Questao4/Prova3-Questao4/cmake-build-debug/CMakeFiles/CMakeTmp/src.c
Linking C executable cmTC_b478e
/home/layzacs/Downloads/CLion-2019.2.1/clion-2019.2.1/bin/cmake/linux/bin/cmake -E cmake_link_script CMakeFiles/cmTC_b478e.dir/link.txt --verbose=1
/usr/bin/cc  -DCMAKE_HAVE_LIBC_PTHREAD    -rdynamic CMakeFiles/cmTC_b478e.dir/src.c.o  -o cmTC_b478e 
/usr/bin/ld: CMakeFiles/cmTC_b478e.dir/src.c.o: na função "main":
src.c:(.text+0x2f): referência não definida para "pthread_create"
/usr/bin/ld: src.c:(.text+0x3b): referência não definida para "pthread_detach"
/usr/bin/ld: src.c:(.text+0x4c): referência não definida para "pthread_join"
collect2: error: ld returned 1 exit status
make[1]: *** [CMakeFiles/cmTC_b478e.dir/build.make:87: cmTC_b478e] Error 1
make[1]: Leaving directory '/home/layzacs/Downloads/P3/Questao4/Prova3-Questao4/cmake-build-debug/CMakeFiles/CMakeTmp'
make: *** [Makefile:121: cmTC_b478e/fast] Error 2


Source file was:
#include <pthread.h>

void* test_func(void* data)
{
  return data;
}

int main(void)
{
  pthread_t thread;
  pthread_create(&thread, NULL, test_func, NULL);
  pthread_detach(thread);
  pthread_join(thread, NULL);
  pthread_atfork(NULL, NULL, NULL);
  pthread_exit(NULL);

  return 0;
}

Determining if the function pthread_create exists in the pthreads failed with the following output:
Change Dir: /home/layzacs/Downloads/P3/Questao4/Prova3-Questao4/cmake-build-debug/CMakeFiles/CMakeTmp

Run Build Command(s):/usr/bin/make cmTC_64c0a/fast && /usr/bin/make -f CMakeFiles/cmTC_64c0a.dir/build.make CMakeFiles/cmTC_64c0a.dir/build
make[1]: Entering directory '/home/layzacs/Downloads/P3/Questao4/Prova3-Questao4/cmake-build-debug/CMakeFiles/CMakeTmp'
Building C object CMakeFiles/cmTC_64c0a.dir/CheckFunctionExists.c.o
/usr/bin/cc   -DCHECK_FUNCTION_EXISTS=pthread_create   -o CMakeFiles/cmTC_64c0a.dir/CheckFunctionExists.c.o   -c /home/layzacs/Downloads/CLion-2019.2.1/clion-2019.2.1/bin/cmake/linux/share/cmake-3.15/Modules/CheckFunctionExists.c
Linking C executable cmTC_64c0a
/home/layzacs/Downloads/CLion-2019.2.1/clion-2019.2.1/bin/cmake/linux/bin/cmake -E cmake_link_script CMakeFiles/cmTC_64c0a.dir/link.txt --verbose=1
/usr/bin/cc  -DCHECK_FUNCTION_EXISTS=pthread_create    -rdynamic CMakeFiles/cmTC_64c0a.dir/CheckFunctionExists.c.o  -o cmTC_64c0a -lpthreads 
/usr/bin/ld: não foi possível localizar -lpthreads
collect2: error: ld returned 1 exit status
make[1]: *** [CMakeFiles/cmTC_64c0a.dir/build.make:87: cmTC_64c0a] Error 1
make[1]: Leaving directory '/home/layzacs/Downloads/P3/Questao4/Prova3-Questao4/cmake-build-debug/CMakeFiles/CMakeTmp'
make: *** [Makefile:121: cmTC_64c0a/fast] Error 2



